[debug] > Exec(early(addDefaultCommands), None, None)
[debug] > Exec(addDefaultCommands, None, None)
[debug] > Exec(early(initialize), None, None)
[debug] > Exec(initialize, None, None)
[debug] > Exec(boot, None, None)
[debug] > Exec(writeSbtVersion, None, None)
[debug] > Exec(reload, None, None)
[debug] > Exec(sbtStashOnFailure, None, None)
[debug] > Exec(onFailure loadFailed, None, None)
[debug] > Exec(loadp, None, None)
[info] welcome to sbt 1.11.7 (Eclipse Adoptium Java 17.0.16)
[debug]       Load.loadUnit: plugins took 78.8498ms
[debug]       Load.loadUnit: defsScala took 0.3648ms
[debug] [Loading] Scanning directory C:\Users\artes\.sbt\1.0\plugins
[debug] [Loading] Found non-root projects 
[debug] [Loading] Done in C:\Users\artes\.sbt\1.0\plugins, returning: ()
[debug] deducing auto plugins based on known facts Set(Atom(sbt.plugins.CorePlugin)) and clauses Clauses(Clause(Atom(sbt.plugins.JvmPlugin),Set(Atom(sbt.plugins.IvyPlugin)))
[debug] Clause(Atom(sbt.ScriptedPlugin),Set(Atom(sbt.plugins.JvmPlugin)))
[debug] Clause(Atom(sbt.plugins.SbtPlugin),Set(Atom(sbt.ScriptedPlugin)))
[debug] Clause(Atom(sbt.plugins.SemanticdbPlugin),Set(Atom(sbt.plugins.JvmPlugin)))
[debug] Clause(Atom(sbt.plugins.JUnitXmlReportPlugin),Set(Atom(sbt.plugins.JvmPlugin)))
[debug] Clause(Atom(sbt.plugins.MiniDependencyTreePlugin),Set(Atom(sbt.plugins.JvmPlugin)))
[debug] Clause(Atom(sbt.plugins.CorePlugin),Set(Atom(sbt.plugins.IvyPlugin)))
[debug] Clause(Atom(sbt.plugins.IvyPlugin),Set(Atom(sbt.plugins.JvmPlugin)))
[debug] Clause(Atom(sbt.plugins.JvmPlugin),Set(Atom(sbt.plugins.SemanticdbPlugin)))
[debug] Clause(Atom(sbt.plugins.JvmPlugin),Set(Atom(sbt.plugins.JUnitXmlReportPlugin)))
[debug] Clause(Atom(sbt.plugins.CorePlugin),Set(Atom(sbt.plugins.Giter8TemplatePlugin)))
[debug] Clause(Atom(sbt.plugins.JvmPlugin),Set(Atom(sbt.plugins.MiniDependencyTreePlugin))))
[debug]   :: deduced result: Matched(sbt.plugins.CorePlugin,sbt.plugins.Giter8TemplatePlugin,sbt.plugins.IvyPlugin,sbt.plugins.JvmPlugin,sbt.plugins.MiniDependencyTreePlugin,sbt.plugins.JUnitXmlReportPlugin,sbt.plugins.SemanticdbPlugin)
[debug] Plugins.deducer#function took 15.6728 ms
[debug]           Load.resolveProject(global-plugins) took 44.2454ms
[debug]         Load.loadTransitive: finalizeProject(Project(id global-plugins, base: C:\Users\artes\.sbt\1.0\plugins, plugins: List(<none>))) took 82.3328ms
[debug] [Loading] Done in C:\Users\artes\.sbt\1.0\plugins, returning: (global-plugins)
[debug]       Load.loadUnit: loadedProjectsRaw took 115.0728ms
[debug]       Load.loadUnit: cleanEvalClasses took 0.2249ms
[debug]     Load.loadUnit(file:/C:/Users/artes/.sbt/1.0/plugins/, ...) took 204.3848ms
[debug]   Load.apply: load took 387.4812ms
[debug]   Load.apply: resolveProjects took 7.041ms
[debug]   Load.apply: finalTransforms took 53.0636ms
[debug]   Load.apply: config.delegates took 6.3269ms
[debug]   Load.apply: Def.make(settings)... took 327.8276ms
[debug]   Load.apply: structureIndex took 102.2293ms
[debug]   Load.apply: mkStreams took 1.611ms
[info] loading global plugins from C:\Users\artes\.sbt\1.0\plugins
[debug] Running task... Cancel: Signal, check cycles: false, forcegc: true
[debug] Load.defaultLoad until apply took 1866.083ms
[debug]           Load.loadUnit: plugins took 22.8754ms
[debug]           Load.loadUnit: defsScala took 0.0046ms
[debug] [Loading] Scanning directory C:\Users\artes\Documents\UTP-Ciclo VII\Lenguaje de Programación\Proj-Artes-Luis-Estudio\ArtesLuisStudio-Scala\project
[debug] [Loading] Found non-root projects 
[debug] [Loading] Done in C:\Users\artes\Documents\UTP-Ciclo VII\Lenguaje de Programación\Proj-Artes-Luis-Estudio\ArtesLuisStudio-Scala\project, returning: ()
[debug] deducing auto plugins based on known facts Set(Atom(sbt.plugins.CorePlugin)) and clauses Clauses(Clause(Atom(sbt.plugins.JvmPlugin),Set(Atom(sbt.plugins.IvyPlugin)))
[debug] Clause(Atom(sbt.ScriptedPlugin),Set(Atom(sbt.plugins.JvmPlugin)))
[debug] Clause(Atom(sbt.plugins.SbtPlugin),Set(Atom(sbt.ScriptedPlugin)))
[debug] Clause(Atom(sbt.plugins.SemanticdbPlugin),Set(Atom(sbt.plugins.JvmPlugin)))
[debug] Clause(Atom(sbt.plugins.JUnitXmlReportPlugin),Set(Atom(sbt.plugins.JvmPlugin)))
[debug] Clause(Atom(sbt.plugins.MiniDependencyTreePlugin),Set(Atom(sbt.plugins.JvmPlugin)))
[debug] Clause(Atom(sbt.plugins.CorePlugin),Set(Atom(sbt.plugins.IvyPlugin)))
[debug] Clause(Atom(sbt.plugins.IvyPlugin),Set(Atom(sbt.plugins.JvmPlugin)))
[debug] Clause(Atom(sbt.plugins.JvmPlugin),Set(Atom(sbt.plugins.SemanticdbPlugin)))
[debug] Clause(Atom(sbt.plugins.JvmPlugin),Set(Atom(sbt.plugins.JUnitXmlReportPlugin)))
[debug] Clause(Atom(sbt.plugins.CorePlugin),Set(Atom(sbt.plugins.Giter8TemplatePlugin)))
[debug] Clause(Atom(sbt.plugins.JvmPlugin),Set(Atom(sbt.plugins.MiniDependencyTreePlugin))))
[debug]   :: deduced result: Matched(sbt.plugins.CorePlugin,sbt.plugins.Giter8TemplatePlugin,sbt.plugins.IvyPlugin,sbt.plugins.JvmPlugin,sbt.plugins.MiniDependencyTreePlugin,sbt.plugins.JUnitXmlReportPlugin,sbt.plugins.SemanticdbPlugin)
[debug] Plugins.deducer#function took 1.484 ms
[debug]               Load.resolveProject(artesluisstudio-scala-build) took 1.2905ms
[debug]             Load.loadTransitive: finalizeProject(Project(id artesluisstudio-scala-build, base: C:\Users\artes\Documents\UTP-Ciclo VII\Lenguaje de Programación\Proj-Artes-Luis-Estudio\ArtesLuisStudio-Scala\project, plugins: List(<none>))) took 3.1509ms
[debug] [Loading] Done in C:\Users\artes\Documents\UTP-Ciclo VII\Lenguaje de Programación\Proj-Artes-Luis-Estudio\ArtesLuisStudio-Scala\project, returning: (artesluisstudio-scala-build)
[debug]           Load.loadUnit: loadedProjectsRaw took 5.4179ms
[debug]           Load.loadUnit: cleanEvalClasses took 0.0139ms
[debug]         Load.loadUnit(file:/C:/Users/artes/Documents/UTP-Ciclo%20VII/Lenguaje%20de%20Programación/Proj-Artes-Luis-Estudio/ArtesLuisStudio-Scala/project/, ...) took 29.2364ms
[debug]       Load.apply: load took 31.1585ms
[debug]       Load.apply: resolveProjects took 0.145ms
[debug]       Load.apply: finalTransforms took 34.7794ms
[debug]       Load.apply: config.delegates took 0.5172ms
[debug]       Load.apply: Def.make(settings)... took 83.7346ms
[debug]       Load.apply: structureIndex took 26.0788ms
[debug]       Load.apply: mkStreams took 0.0026ms
[info] loading project definition from C:\Users\artes\Documents\UTP-Ciclo VII\Lenguaje de Programación\Proj-Artes-Luis-Estudio\ArtesLuisStudio-Scala\project
[debug] Running task... Cancel: Signal, check cycles: false, forcegc: true
[debug]     Load.loadUnit: plugins took 350.3243ms
[debug]     Load.loadUnit: defsScala took 0.0035ms
[debug] [Loading] Scanning directory C:\Users\artes\Documents\UTP-Ciclo VII\Lenguaje de Programación\Proj-Artes-Luis-Estudio\ArtesLuisStudio-Scala
[debug]       Load.loadUnit: mkEval took 4.9252ms
[debug] [Loading] Found non-root projects 
[debug] [Loading] Done in C:\Users\artes\Documents\UTP-Ciclo VII\Lenguaje de Programación\Proj-Artes-Luis-Estudio\ArtesLuisStudio-Scala, returning: ()
[debug] deducing auto plugins based on known facts Set(Atom(sbt.plugins.CorePlugin)) and clauses Clauses(Clause(Atom(sbt.plugins.JvmPlugin),Set(Atom(sbt.plugins.IvyPlugin)))
[debug] Clause(Atom(sbt.ScriptedPlugin),Set(Atom(sbt.plugins.JvmPlugin)))
[debug] Clause(Atom(sbt.plugins.SbtPlugin),Set(Atom(sbt.ScriptedPlugin)))
[debug] Clause(Atom(sbt.plugins.SemanticdbPlugin),Set(Atom(sbt.plugins.JvmPlugin)))
[debug] Clause(Atom(sbt.plugins.JUnitXmlReportPlugin),Set(Atom(sbt.plugins.JvmPlugin)))
[debug] Clause(Atom(sbt.plugins.MiniDependencyTreePlugin),Set(Atom(sbt.plugins.JvmPlugin)))
[debug] Clause(Atom(sbt.plugins.CorePlugin),Set(Atom(sbt.plugins.IvyPlugin)))
[debug] Clause(Atom(sbt.plugins.IvyPlugin),Set(Atom(sbt.plugins.JvmPlugin)))
[debug] Clause(Atom(sbt.plugins.JvmPlugin),Set(Atom(sbt.plugins.SemanticdbPlugin)))
[debug] Clause(Atom(sbt.plugins.JvmPlugin),Set(Atom(sbt.plugins.JUnitXmlReportPlugin)))
[debug] Clause(Atom(sbt.plugins.CorePlugin),Set(Atom(sbt.plugins.Giter8TemplatePlugin)))
[debug] Clause(Atom(sbt.plugins.JvmPlugin),Set(Atom(sbt.plugins.MiniDependencyTreePlugin))))
[debug]   :: deduced result: Matched(sbt.plugins.CorePlugin,sbt.plugins.Giter8TemplatePlugin,sbt.plugins.IvyPlugin,sbt.plugins.JvmPlugin,sbt.plugins.MiniDependencyTreePlugin,sbt.plugins.JUnitXmlReportPlugin,sbt.plugins.SemanticdbPlugin)
[debug] Plugins.deducer#function took 1.4396 ms
[info] loading settings for project artesluisstudio-scala from build.sbt...
[debug]         Load.resolveProject(artesluisstudio-scala) took 14.1435ms
[debug]       Load.loadTransitive: finalizeProject(Project(id artesluisstudio-scala, base: C:\Users\artes\Documents\UTP-Ciclo VII\Lenguaje de Programación\Proj-Artes-Luis-Estudio\ArtesLuisStudio-Scala, plugins: List(<none>))) took 16.5085ms
[debug] [Loading] Done in C:\Users\artes\Documents\UTP-Ciclo VII\Lenguaje de Programación\Proj-Artes-Luis-Estudio\ArtesLuisStudio-Scala, returning: (artesluisstudio-scala)
[debug]     Load.loadUnit: loadedProjectsRaw took 154.1233ms
[debug]     Load.loadUnit: cleanEvalClasses took 9.7799ms
[debug]   Load.loadUnit(file:/C:/Users/artes/Documents/UTP-Ciclo%20VII/Lenguaje%20de%20Programación/Proj-Artes-Luis-Estudio/ArtesLuisStudio-Scala/, ...) took 515.514ms
[debug] Load.apply: load took 522.4894ms
[debug] Load.apply: resolveProjects took 0.1664ms
[debug] Load.apply: finalTransforms took 12.3516ms
[debug] Load.apply: config.delegates took 0.298ms
[debug] Load.apply: Def.make(settings)... took 54.8363ms
[debug] Load.apply: structureIndex took 20.2701ms
[debug] Load.apply: mkStreams took 0.0026ms
[info] set current project to artesluisstudio-scala (in build file:/C:/Users/artes/Documents/UTP-Ciclo%20VII/Lenguaje%20de%20Programación/Proj-Artes-Luis-Estudio/ArtesLuisStudio-Scala/)
[debug] > Exec(sbtPopOnFailure, None, None)
[debug] > Exec(resumeFromFailure, None, None)
[debug] > Exec(notifyUsersAboutShell, None, None)
[debug] > Exec(iflast shell, None, None)
[debug] > Exec(run, None, None)
[debug] Evaluating tasks: Compile / run
[debug] Running task... Cancel: Signal, check cycles: false, forcegc: true
